This is pdfTeX, Version 3.14159265-2.6-1.40.20 (TeX Live 2019/W32TeX) (preloaded format=latex 2019.8.14)  16 JUL 2020 10:15
entering extended mode
 restricted \write18 enabled.
 Source specials enabled.
 %&-line parsing enabled.
**dynopt_guide.tex
(./dynopt_guide.tex
LaTeX2e <2018-12-01>
(d:/texlive/2019/texmf-dist/tex/latex/base/book.cls
Document Class: book 2018/09/03 v1.4i Standard LaTeX document class
(d:/texlive/2019/texmf-dist/tex/latex/base/bk12.clo
File: bk12.clo 2018/09/03 v1.4i Standard LaTeX file (size option)
)
\c@part=\count80
\c@chapter=\count81
\c@section=\count82
\c@subsection=\count83
\c@subsubsection=\count84
\c@paragraph=\count85
\c@subparagraph=\count86
\c@figure=\count87
\c@table=\count88
\abovecaptionskip=\skip41
\belowcaptionskip=\skip42
\bibindent=\dimen102
)
(d:/texlive/2019/texmf-dist/tex/latex/anysize/anysize.sty
Package: anysize 1994/08/13 setting margin sizes

document style option `anysize' loaded
Michael Salzenberg, Thomas Esser, Dirk Hillbrecht
Version 1.0, Aug 13, 1994
\@Leftmargin=\dimen103
\@Rightmargin=\dimen104
\@Topmargin=\dimen105
\@Bottommargin=\dimen106
) (d:/texlive/2019/texmf-dist/tex/latex/natbib/natbib.sty
Package: natbib 2010/09/13 8.31b (PWD, AO)
\bibhang=\skip43
\bibsep=\skip44
LaTeX Info: Redefining \cite on input line 694.
\c@NAT@ctr=\count89
)
(d:/texlive/2019/texmf-dist/tex/latex/tocbibind/tocbibind.sty
Package: tocbibind 2010/10/13 v1.5k extra ToC listings
Package tocbibind Info: The document has chapter divisions on input line 50.


Package tocbibind Note: Using chapter style headings, unless overridden.

) (d:/texlive/2019/texmf-dist/tex/latex/amsmath/amsmath.sty
Package: amsmath 2018/12/01 v2.17b AMS math features
\@mathmargin=\skip45

For additional information on amsmath, use the `?' option.
(d:/texlive/2019/texmf-dist/tex/latex/amsmath/amstext.sty
Package: amstext 2000/06/29 v2.01 AMS text

(d:/texlive/2019/texmf-dist/tex/latex/amsmath/amsgen.sty
File: amsgen.sty 1999/11/30 v2.0 generic functions
\@emptytoks=\toks14
\ex@=\dimen107
))
(d:/texlive/2019/texmf-dist/tex/latex/amsmath/amsbsy.sty
Package: amsbsy 1999/11/29 v1.2d Bold Symbols
\pmbraise@=\dimen108
)
(d:/texlive/2019/texmf-dist/tex/latex/amsmath/amsopn.sty
Package: amsopn 2016/03/08 v2.02 operator names
)
\inf@bad=\count90
LaTeX Info: Redefining \frac on input line 223.
\uproot@=\count91
\leftroot@=\count92
LaTeX Info: Redefining \overline on input line 385.
\classnum@=\count93
\DOTSCASE@=\count94
LaTeX Info: Redefining \ldots on input line 482.
LaTeX Info: Redefining \dots on input line 485.
LaTeX Info: Redefining \cdots on input line 606.
\Mathstrutbox@=\box27
\strutbox@=\box28
\big@size=\dimen109
LaTeX Font Info:    Redeclaring font encoding OML on input line 729.
LaTeX Font Info:    Redeclaring font encoding OMS on input line 730.
\macc@depth=\count95
\c@MaxMatrixCols=\count96
\dotsspace@=\muskip10
\c@parentequation=\count97
\dspbrk@lvl=\count98
\tag@help=\toks15
\row@=\count99
\column@=\count100
\maxfields@=\count101
\andhelp@=\toks16
\eqnshift@=\dimen110
\alignsep@=\dimen111
\tagshift@=\dimen112
\tagwidth@=\dimen113
\totwidth@=\dimen114
\lineht@=\dimen115
\@envbody=\toks17
\multlinegap=\skip46
\multlinetaggap=\skip47
\mathdisplay@stack=\toks18
LaTeX Info: Redefining \[ on input line 2844.
LaTeX Info: Redefining \] on input line 2845.
)
(d:/texlive/2019/texmf-dist/tex/latex/graphics/graphicx.sty
Package: graphicx 2017/06/01 v1.1a Enhanced LaTeX Graphics (DPC,SPQR)

(d:/texlive/2019/texmf-dist/tex/latex/graphics/keyval.sty
Package: keyval 2014/10/28 v1.15 key=value parser (DPC)
\KV@toks@=\toks19
)
(d:/texlive/2019/texmf-dist/tex/latex/graphics/graphics.sty
Package: graphics 2017/06/25 v1.2c Standard LaTeX Graphics (DPC,SPQR)

(d:/texlive/2019/texmf-dist/tex/latex/graphics/trig.sty
Package: trig 2016/01/03 v1.10 sin cos tan (DPC)
)
(d:/texlive/2019/texmf-dist/tex/latex/graphics-cfg/graphics.cfg
File: graphics.cfg 2016/06/04 v1.11 sample graphics configuration
)
Package graphics Info: Driver file: dvips.def on input line 99.

(d:/texlive/2019/texmf-dist/tex/latex/graphics-def/dvips.def
File: dvips.def 2017/06/20 v3.1d Graphics/color driver for dvips
))
\Gin@req@height=\dimen116
\Gin@req@width=\dimen117
)
(d:/texlive/2019/texmf-dist/tex/latex/psfrag/psfrag.sty
Package: psfrag 1998/04/11 v3.04 PSfrag (MCG)
\pfg@pcount=\count102
\pfg@scount=\count103
\pfg@temp=\write3
)
(d:/texlive/2019/texmf-dist/tex/latex/xcolor/xcolor.sty
Package: xcolor 2016/05/11 v2.12 LaTeX color extensions (UK)

(d:/texlive/2019/texmf-dist/tex/latex/graphics-cfg/color.cfg
File: color.cfg 2016/01/02 v1.6 sample color configuration
)
Package xcolor Info: Driver file: dvips.def on input line 225.
Package xcolor Info: Model `cmy' substituted by `cmy0' on input line 1348.
Package xcolor Info: Model `RGB' extended on input line 1364.
Package xcolor Info: Model `HTML' substituted by `rgb' on input line 1366.
Package xcolor Info: Model `Hsb' substituted by `hsb' on input line 1367.
Package xcolor Info: Model `tHsb' substituted by `hsb' on input line 1368.
Package xcolor Info: Model `HSB' substituted by `hsb' on input line 1369.
Package xcolor Info: Model `Gray' substituted by `gray' on input line 1370.
Package xcolor Info: Model `wave' substituted by `hsb' on input line 1371.
)
(d:/texlive/2019/texmf-dist/tex/latex/fancyhdr/fancyhdr.sty
Package: fancyhdr 2019/01/31 v3.10 Extensive control of page headers and footer
s
\f@nch@headwidth=\skip48
\f@nch@O@elh=\skip49
\f@nch@O@erh=\skip50
\f@nch@O@olh=\skip51
\f@nch@O@orh=\skip52
\f@nch@O@elf=\skip53
\f@nch@O@erf=\skip54
\f@nch@O@olf=\skip55
\f@nch@O@orf=\skip56
)
(d:/texlive/2019/texmf-dist/tex/latex/fncychap/fncychap.sty
Package: fncychap 2007/07/30 v1.34 LaTeX package (Revised chapters)
\RW=\skip57
\mylen=\skip58
\myhi=\skip59
\px=\skip60
\py=\skip61
\pyy=\skip62
\pxx=\skip63
)
(d:/texlive/2019/texmf-dist/tex/latex/xtab/xtab.sty
Package: xtab 2011/07/31 v2.3f Extended supertabular package
\c@tracingst=\count104
\PWSTcapht=\dimen118
\ST@wd=\dimen119
\ST@rightskip=\skip64
\ST@leftskip=\skip65
\ST@parfillskip=\skip66
\c@PWSTtable=\count105
\PWSTlastpage=\count106
\PWSTpenultimate=\count107
\PWSTcurpage=\count108
\PWSTtempc=\count109
\PWSTlines=\count110
\PWST@lastht=\dimen120
\PWST@generalht=\dimen121
\PWST@ht=\dimen122
\ST@pageleft=\dimen123
\ST@headht=\dimen124
\ST@tailht=\dimen125
\ST@pagesofar=\dimen126
\ST@pboxht=\dimen127
\ST@lineht=\dimen128
\ST@stretchht=\dimen129
\ST@prevht=\dimen130
\ST@toadd=\dimen131
\ST@dimen=\dimen132
\ST@pbox=\box29
)
(d:/texlive/2019/texmf-dist/tex/latex/tools/longtable.sty
Package: longtable 2014/10/28 v4.11 Multi-page Table package (DPC)+ FMi change
\LTleft=\skip67
\LTright=\skip68
\LTpre=\skip69
\LTpost=\skip70
\LTchunksize=\count111
\LTcapwidth=\dimen133
\LT@head=\box30
\LT@firsthead=\box31
\LT@foot=\box32
\LT@lastfoot=\box33
\LT@cols=\count112
\LT@rows=\count113
\c@LT@tables=\count114
\c@LT@chunks=\count115
\LT@p@ftn=\toks20
)
(d:/texlive/2019/texmf-dist/tex/latex/caption/caption2.sty
Package: caption2 2015/09/15 v2.2-100 Customising captions (AR)


Package caption2 Warning: ****************************************************
(caption2)                THIS PACKAGE IS OBSOLETE:
(caption2)                This package attempts to provide an `caption2'
(caption2)                package v2.0/2.1 author environment so that OLD
(caption2)                documents can be successfully processed. It should
(caption2)                NOT be used for NEW documents! New documents should
(caption2)                use the regular `caption' package v3.x instead.
(caption2)                ****************************************************

(d:/texlive/2019/texmf-dist/tex/latex/caption/caption3.sty
Package: caption3 2018/09/12 v1.8c caption3 kernel (AR)
Package caption3 Info: TeX engine: e-TeX on input line 64.
\captionmargin=\dimen134
\captionmargin@=\dimen135
\captionwidth=\dimen136
\caption@tempdima=\dimen137
\caption@indent=\dimen138
\caption@parindent=\dimen139
\caption@hangindent=\dimen140
)
Package caption2 Info: Running in caption2 v2.0 compatibility mode on input lin
e 218.
\captionlinewidth=\dimen141
\realcaptionwidth=\dimen142
Package caption2 Info: longtable package v3.15 (or newer) detected on input lin
e 349.
)
(d:/texlive/2019/texmf-dist/tex/latex/tools/enumerate.sty
Package: enumerate 2015/07/23 v3.00 enumerate extensions (DPC)
\@enLab=\toks21
)
(d:/texlive/2019/texmf-dist/tex/latex/ae/ae.sty
Package: ae 2001/02/12 1.3 Almost European Computer Modern

(d:/texlive/2019/texmf-dist/tex/latex/base/fontenc.sty
Package: fontenc 2018/08/11 v2.0j Standard LaTeX package

(d:/texlive/2019/texmf-dist/tex/latex/base/t1enc.def
File: t1enc.def 2018/08/11 v2.0j Standard LaTeX file
LaTeX Font Info:    Redeclaring font encoding T1 on input line 48.
)
LaTeX Font Info:    Try loading font information for T1+aer on input line 105.

(d:/texlive/2019/texmf-dist/tex/latex/ae/t1aer.fd
File: t1aer.fd 1997/11/16 Font definitions for T1/aer.
)))
(d:/texlive/2019/texmf-dist/tex/latex/url/url.sty
\Urlmuskip=\muskip11
Package: url 2013/09/16  ver 3.4  Verb mode for urls, etc.
)
(d:/texlive/2019/texmf-dist/tex/latex/moreverb/moreverb.sty
Package: moreverb 2008/06/03 v2.3a `more' verbatim facilities

(d:/texlive/2019/texmf-dist/tex/latex/tools/verbatim.sty
Package: verbatim 2014/10/28 v1.5q LaTeX2e package for verbatim enhancements
\every@verbatim=\toks22
\verbatim@line=\toks23
\verbatim@in@stream=\read1
)
\tab@position=\count116
\tab@size=\count117
\listing@line=\count118
) (./dynoptpack.sty
Package: dynoptpack 

(d:/texlive/2019/texmf-dist/tex/latex/fancybox/fancybox.sty
Package: fancybox 2010/05/15 1.4

Style option: `fancybox' v1.4 <2010/05/15> (tvz)
\@fancybox=\box34
\shadowsize=\dimen143
\@Sbox=\box35
\do@VerbBox=\toks24
\the@fancyput=\toks25
\this@fancyput=\toks26
\EndVerbatimTokens=\toks27
\Verbatim@Outfile=\write4
\Verbatim@Infile=\read2
)

Package Fancyhdr Warning: \fancyhead's `E' option without twoside option is use
less on input line 24.

) (d:/texlive/2019/texmf-dist/tex/latex/hyperref/hyperref.sty
Package: hyperref 2019/06/12 v6.88h Hypertext links for LaTeX

(d:/texlive/2019/texmf-dist/tex/generic/oberdiek/hobsub-hyperref.sty
Package: hobsub-hyperref 2016/05/16 v1.14 Bundle oberdiek, subset hyperref (HO)


(d:/texlive/2019/texmf-dist/tex/generic/oberdiek/hobsub-generic.sty
Package: hobsub-generic 2016/05/16 v1.14 Bundle oberdiek, subset generic (HO)
Package: hobsub 2016/05/16 v1.14 Construct package bundles (HO)
Package: infwarerr 2016/05/16 v1.4 Providing info/warning/error messages (HO)
Package: ltxcmds 2016/05/16 v1.23 LaTeX kernel commands for general use (HO)
Package: ifluatex 2016/05/16 v1.4 Provides the ifluatex switch (HO)
Package ifluatex Info: LuaTeX not detected.
Package: ifvtex 2016/05/16 v1.6 Detect VTeX and its facilities (HO)
Package ifvtex Info: VTeX not detected.
Package: intcalc 2016/05/16 v1.2 Expandable calculations with integers (HO)
Package: ifpdf 2018/09/07 v3.3 Provides the ifpdf switch
Package: etexcmds 2016/05/16 v1.6 Avoid name clashes with e-TeX commands (HO)
Package: kvsetkeys 2016/05/16 v1.17 Key value parser (HO)
Package: kvdefinekeys 2016/05/16 v1.4 Define keys (HO)
Package: pdftexcmds 2019/07/25 v0.30 Utility functions of pdfTeX for LuaTeX (HO
)
Package pdftexcmds Info: LuaTeX not detected.
Package pdftexcmds Info: \pdf@primitive is available.
Package pdftexcmds Info: \pdf@ifprimitive is available.
Package pdftexcmds Info: \pdfdraftmode is ignored in DVI mode.
Package: pdfescape 2016/05/16 v1.14 Implements pdfTeX's escape features (HO)
Package: bigintcalc 2016/05/16 v1.4 Expandable calculations on big integers (HO
)
Package: bitset 2016/05/16 v1.2 Handle bit-vector datatype (HO)
Package: uniquecounter 2016/05/16 v1.3 Provide unlimited unique counter (HO)
)
Package hobsub Info: Skipping package `hobsub' (already loaded).
Package: letltxmacro 2016/05/16 v1.5 Let assignment for LaTeX macros (HO)
Package: hopatch 2016/05/16 v1.3 Wrapper for package hooks (HO)
Package: xcolor-patch 2016/05/16 xcolor patch
Package: atveryend 2016/05/16 v1.9 Hooks at the very end of document (HO)
Package atveryend Info: \enddocument detected (standard20110627).
Package: atbegshi 2016/06/09 v1.18 At begin shipout hook (HO)
Package: refcount 2016/05/16 v3.5 Data extraction from label references (HO)
Package: hycolor 2016/05/16 v1.8 Color options for hyperref/bookmark (HO)
)
(d:/texlive/2019/texmf-dist/tex/generic/ifxetex/ifxetex.sty
Package: ifxetex 2010/09/12 v0.6 Provides ifxetex conditional
)
(d:/texlive/2019/texmf-dist/tex/latex/oberdiek/auxhook.sty
Package: auxhook 2016/05/16 v1.4 Hooks for auxiliary files (HO)
)
(d:/texlive/2019/texmf-dist/tex/latex/oberdiek/kvoptions.sty
Package: kvoptions 2016/05/16 v3.12 Key value format for package options (HO)
)
\@linkdim=\dimen144
\Hy@linkcounter=\count119
\Hy@pagecounter=\count120

(d:/texlive/2019/texmf-dist/tex/latex/hyperref/pd1enc.def
File: pd1enc.def 2019/06/12 v6.88h Hyperref: PDFDocEncoding definition (HO)
Now handling font encoding PD1 ...
... no UTF-8 mapping file for font encoding PD1
)
\Hy@SavedSpaceFactor=\count121

(d:/texlive/2019/texmf-dist/tex/latex/latexconfig/hyperref.cfg
File: hyperref.cfg 2002/06/06 v1.2 hyperref configuration of TeXLive
)
Package hyperref Info: Option `colorlinks' set `true' on input line 4424.
Package hyperref Info: Option `bookmarks' set `true' on input line 4424.
Package hyperref Info: Option `bookmarksnumbered' set `true' on input line 4424
.
Package hyperref Info: Option `hypertexnames' set `false' on input line 4424.
Package hyperref Info: Option `breaklinks' set `true' on input line 4424.
Package hyperref Info: Hyper figures OFF on input line 4550.
Package hyperref Info: Link nesting OFF on input line 4555.
Package hyperref Info: Hyper index ON on input line 4558.
Package hyperref Info: Plain pages OFF on input line 4565.
Package hyperref Info: Backreferencing ON on input line 4568.
Package hyperref Info: Implicit mode ON; LaTeX internals redefined.
Package hyperref Info: Bookmarks ON on input line 4803.

(d:/texlive/2019/texmf-dist/tex/latex/hyperref/backref.sty
Package: backref 2016/05/21 v1.39 Bibliographical back referencing

(d:/texlive/2019/texmf-dist/tex/latex/oberdiek/rerunfilecheck.sty
Package: rerunfilecheck 2016/05/16 v1.8 Rerun checks for auxiliary files (HO)
Package uniquecounter Info: New unique counter `rerunfilecheck' on input line 2
82.
))
\c@Hy@tempcnt=\count122
LaTeX Info: Redefining \url on input line 5156.
\XeTeXLinkMargin=\dimen145
\Fld@menulength=\count123
\Field@Width=\dimen146
\Fld@charsize=\dimen147
Package hyperref Info: Hyper figures OFF on input line 6411.
Package hyperref Info: Link nesting OFF on input line 6416.
Package hyperref Info: Hyper index ON on input line 6419.
Package hyperref Info: backreferencing ON on input line 6424.
Package hyperref Info: Link coloring ON on input line 6429.
Package hyperref Info: Link coloring with OCG OFF on input line 6436.
Package hyperref Info: PDF/A mode OFF on input line 6441.
LaTeX Info: Redefining \ref on input line 6481.
LaTeX Info: Redefining \pageref on input line 6485.
\Hy@abspage=\count124
\c@Item=\count125
\c@Hfootnote=\count126
)
Package hyperref Info: Driver: hdvips.

(d:/texlive/2019/texmf-dist/tex/latex/hyperref/hdvips.def
File: hdvips.def 2019/06/12 v6.88h Hyperref driver for dvips

(d:/texlive/2019/texmf-dist/tex/latex/hyperref/pdfmark.def
File: pdfmark.def 2019/06/12 v6.88h Hyperref definitions for pdfmark specials


Package hyperref Warning: You have enabled option `breaklinks'.
(hyperref)                But driver `hdvips.def' does not suppport this.
(hyperref)                Expect trouble with the link areas of broken links.

\pdf@docset=\toks28
\pdf@box=\box36
\pdf@toks=\toks29
\pdf@defaulttoks=\toks30
\HyField@AnnotCount=\count127
\Fld@listcount=\count128
\c@bookmark@seq@number=\count129
\Hy@SectionHShift=\skip71
)) (./dynopt_guide.aux (./title.aux) (./contact.aux) (./chap01.aux)
(./chap02.aux) (./chap03.aux) (./chap04.aux) (./chap05.aux

LaTeX Warning: Label `sec:prob7' multiply defined.

))
\openout1 = `dynopt_guide.aux'.

LaTeX Font Info:    Checking defaults for OML/cmm/m/it on input line 25.
LaTeX Font Info:    ... okay on input line 25.
LaTeX Font Info:    Checking defaults for T1/cmr/m/n on input line 25.
LaTeX Font Info:    ... okay on input line 25.
LaTeX Font Info:    Checking defaults for OT1/cmr/m/n on input line 25.
LaTeX Font Info:    ... okay on input line 25.
LaTeX Font Info:    Checking defaults for OMS/cmsy/m/n on input line 25.
LaTeX Font Info:    ... okay on input line 25.
LaTeX Font Info:    Checking defaults for OMX/cmex/m/n on input line 25.
LaTeX Font Info:    ... okay on input line 25.
LaTeX Font Info:    Checking defaults for U/cmr/m/n on input line 25.
LaTeX Font Info:    ... okay on input line 25.
LaTeX Font Info:    Checking defaults for PD1/pdf/m/n on input line 25.
LaTeX Font Info:    ... okay on input line 25.
Package caption Info: Begin \AtBeginDocument code.
Package caption Info: End \AtBeginDocument code.
\AtBeginShipoutBox=\box37
Package backref Info: ** backref set up for natbib ** on input line 25.
Package hyperref Info: Link coloring ON on input line 25.
 (d:/texlive/2019/texmf-dist/tex/latex/hyperref/nameref.sty
Package: nameref 2016/05/21 v2.44 Cross-referencing by name of section

(d:/texlive/2019/texmf-dist/tex/generic/oberdiek/gettitlestring.sty
Package: gettitlestring 2016/05/16 v1.5 Cleanup title references (HO)
)
\c@section@level=\count130
)
LaTeX Info: Redefining \ref on input line 25.
LaTeX Info: Redefining \pageref on input line 25.
LaTeX Info: Redefining \nameref on input line 25.

(./dynopt_guide.out) (./dynopt_guide.out)
\@outlinefile=\write5
\openout5 = `dynopt_guide.out'.

\openout2 = `title.aux'.

 (./title.tex
File: pictures/logostu.eps Graphic file (type eps)
 <pictures/logostu.eps>
File: pictures/logoinpl.eps Graphic file (type eps)

<pictures/logoinpl.eps>
File: pictures/logocnrs.eps Graphic file (type eps)
 <pictures/logocnrs.eps>
File: pictures/logoensic2.eps Graphic file (type eps)
 <pictures/logoensic2.eps>
File: pictures/logolsgc.eps Graphic file (type eps)

<pictures/logolsgc.eps>
Overfull \hbox (17.62482pt too wide) in paragraph at lines 1--56
[][][] 
 []

) [1


]
\openout2 = `contact.aux'.

 (./contact.tex
LaTeX Font Info:    Try loading font information for T1+aett on input line 25.
 (d:/texlive/2019/texmf-dist/tex/latex/ae/t1aett.fd
File: t1aett.fd 1997/11/16 Font definitions for T1/aett.
)

LaTeX Warning: \oval, \circle, or \line size unavailable on input line 25.


Overfull \hbox (7.95346pt too wide) in paragraph at lines 25--25
 [][] 
 []


Overfull \hbox (7.95346pt too wide) in paragraph at lines 33--33
 [][] 
 []


LaTeX Warning: \oval, \circle, or \line size unavailable on input line 41.


Overfull \hbox (7.95346pt too wide) in paragraph at lines 41--41
 [][] 
 []


Overfull \hbox (7.95346pt too wide) in paragraph at lines 46--46
 [] 
 []

) [2


]
LaTeX Font Info:    Try loading font information for T1+aess on input line 32.
 (d:/texlive/2019/texmf-dist/tex/latex/ae/t1aess.fd
File: t1aess.fd 1997/11/16 Font definitions for T1/aess.
) (./dynopt_guide.toc
[1


])
\tf@toc=\write6
\openout6 = `dynopt_guide.toc'.



Package Fancyhdr Warning: \headheight is too small (12.0pt): 
Make it at least 14.49998pt.
We now make it that large for the rest of the document.
This may cause the page layout to be inconsistent, however.

[2] (./dynopt_guide.lof)
\tf@lof=\write7
\openout7 = `dynopt_guide.lof'.

 [3

] (./dynopt_guide.lot)
\tf@lot=\write8
\openout8 = `dynopt_guide.lot'.

 [4

]
\openout2 = `chap01.aux'.

 (./chap01.tex
Chapter 1.
LaTeX Font Info:    Try loading font information for OMS+aer on input line 45.
(d:/texlive/2019/texmf-dist/tex/latex/ae/omsaer.fd
File: omsaer.fd 1999/12/27
)
LaTeX Font Info:    Font shape `OMS/aer/m/n' in size <12> not available
(Font)              Font shape `OMS/cmsy/m/n' tried instead on input line 45.
 [1


] [2]
Overfull \hbox (9.8061pt too wide) in paragraph at lines 154--158
\T1/aer/m/n/12 party op-ti-mi-sa-tion tool-boxes for MAT-LAB. The com-plete lis
t of avail-able pack-ages is disponible
 []

[3]) [4]
\openout2 = `chap02.aux'.

 (./chap02.tex
Chapter 2.
[5



] [6] [7]
File: pictures/collocation.eps Graphic file (type eps)
 <pictures/collocation.eps> [8] [9]) [10]
\openout2 = `chap03.aux'.

 (./chap03.tex
Chapter 3.
File: examples/problem1a/process.m  (verbatim)
[11



]
File: examples/problem1a/objfun.m  (verbatim)
File: examples/problem1a/problem1a.m  (verbatim)
 [12]
File: examples/problem1a/graphs/u_323n.eps Graphic file (type eps)
 <examples/problem1a/graphs/u_323n.eps>
File: examples/problem1a/graphs/x12_323n.eps Graphic file (type eps)

<examples/problem1a/graphs/x12_323n.eps>
Overfull \hbox (2.61609pt too wide) in paragraph at lines 132--144
[][][] [] 
 []

[13]
File: examples/problem1b/process.m  (verbatim)
 [14]
File: examples/problem1b/processd.m  (verbatim)
File: examples/problem1b/objfun.m  (verbatim)
File: examples/problem1b/objfund.m  (verbatim)
 [15]
File: examples/problem1b/confun.m  (verbatim)
File: examples/problem1b/confund.m  (verbatim)
 [16]
File: examples/problem1b/problem1b.m  (verbatim)
 [17]
File: examples/problem1b/graphs/u_624a.eps Graphic file (type eps)
 <examples/problem1b/graphs/u_624a.eps>
File: examples/problem1b/graphs/x12_624a.eps Graphic file (type eps)

<examples/problem1b/graphs/x12_624a.eps>
Overfull \hbox (2.61609pt too wide) in paragraph at lines 309--321
[][][] [] 
 []

File: examples/problem2/process.m  (verbatim)
[18]
File: examples/problem2/objfun.m  (verbatim)
File: examples/problem2/problem2.m  (verbatim)
 [19]
File: examples/problem2/graphs/u_624a.eps Graphic file (type eps)
 <examples/problem2/graphs/u_624a.eps>
File: examples/problem2/graphs/x13_624a.eps Graphic file (type eps)

<examples/problem2/graphs/x13_624a.eps>
Overfull \hbox (2.61609pt too wide) in paragraph at lines 374--386
[][][] [] 
 []

[20]
File: examples/problem2_bdu/graphs/u_624bdu.eps Graphic file (type eps)
 <examples/problem2_bdu/graphs/u_624bdu.eps>
File: examples/problem2_bdu/graphs/x13_624bdu.eps Graphic file (type eps)

<examples/problem2_bdu/graphs/x13_624bdu.eps>
Overfull \hbox (2.61609pt too wide) in paragraph at lines 420--432
[][][] [] 
 []

[21]
File: examples/problem3/process.m  (verbatim)
File: examples/problem3/objfun.m  (verbatim)
File: examples/problem3/confun.m  (verbatim)
File: examples/problem3/problem3.m  (verbatim)
 [22]
File: examples/problem3/graphs/u_627a.eps Graphic file (type eps)
 <examples/problem3/graphs/u_627a.eps>
File: examples/problem3/graphs/x12_627a.eps Graphic file (type eps)

<examples/problem3/graphs/x12_627a.eps>
File: examples/problem3/graphs/c_627a.eps Graphic file (type eps)
 <examples/problem3/graphs/c_627a.eps>
Underfull \hbox (badness 1189) in paragraph at lines 506--506
[]|[][][][][][]\T1/aer/m/n/10 Constraint pro-file for in-equal-ity state
 []

File: examples/problem8/graphs/xpa.eps Graphic file (type eps)
<examples/problem8/graphs/xpa.eps>
Overfull \hbox (2.61609pt too wide) in paragraph at lines 490--515
[][][] []
 []


Overfull \hbox (2.61609pt too wide) in paragraph at lines 490--515
[] [] 
 []

File: examples/problem8/process.m  (verbatim)
[23]
File: examples/problem8/objfun.m  (verbatim)
 [24]
No file examples/problem8/confun.m.
File: examples/problem8/problem8.m  (verbatim)
[25]
File: examples/problem-car/process.m  (verbatim)
File: examples/problem-car/objfun.m  (verbatim)
File: examples/problem-car/confun.m  (verbatim)
 [26]
File: examples/problem-car/car.m  (verbatim)
File: examples/problem-car/car_u.eps Graphic file (type eps)
 <examples/problem-car/car_u.eps>
File: examples/problem-car/car_x.eps Graphic file (type eps)
 <examples/problem-car/car_x.eps>
File: examples/problem-car2/car_u.eps Graphic file (type eps)

<examples/problem-car2/car_u.eps>
File: examples/problem-car2/car_x1.eps Graphic file (type eps)
 <examples/problem-car2/car_x1.eps>
File: examples/problem-car2/car_x2.eps Graphic file (type eps)

<examples/problem-car2/car_x2.eps> [27]
File: examples/problem5_dae/process.m  (verbatim)
 [28]
File: examples/problem5_dae/objfun.m  (verbatim)
File: examples/problem5_dae/problem5dae.m  (verbatim)
 [29]
File: examples/problem5_dae/graphs/u_523daea.eps Graphic file (type eps)

<examples/problem5_dae/graphs/u_523daea.eps>
File: examples/problem5_dae/graphs/x12_523daea.eps Graphic file (type eps)

<examples/problem5_dae/graphs/x12_523daea.eps>
Overfull \hbox (2.61609pt too wide) in paragraph at lines 692--704
[][][] [] 
 []

) [30]
\openout2 = `chap04.aux'.

 (./chap04.tex
Chapter 4.
[31



]

LaTeX Font Warning: Font shape `T1/aett/bx/n' undefined
(Font)              using `T1/aett/m/n' instead on input line 55.


Overfull \hbox (3.09343pt too wide) in paragraph at lines 68--71
[][]\T1/aer/m/n/12 -- Pa-ram-e-ter which de-fines the type of ob-jec-tive func-
tion to be min-imised/maximised
 []

[32]
Overfull \hbox (9.3951pt too wide) in alignment at lines 162--167
 [] [] 
 []


Overfull \hbox (9.3951pt too wide) in alignment at lines 167--172
 [] [] 
 []


Overfull \hbox (9.3951pt too wide) in alignment at lines 172--175
 [] [] 
 []


Overfull \hbox (9.3951pt too wide) in alignment at lines 175--177
 [] [] 
 []


Underfull \hbox (badness 3701) in paragraph at lines 206--208
[][]|\T1/aer/m/n/12 Typical x val-ues (large-scale al-go-rithm only), de-fault 
value:
 []


Overfull \hbox (9.3951pt too wide) in alignment at lines 177--213
 [] [] 
 []


Underfull \vbox (badness 10000) detected at line 213
 []

[33]
Overfull \hbox (9.3951pt too wide) in alignment at lines 239--244
 [] [] 
 []


Overfull \hbox (9.3951pt too wide) in alignment at lines 244--249
 [] [] 
 []


Overfull \hbox (9.3951pt too wide) in alignment at lines 249--252
 [] [] 
 []


Overfull \hbox (9.3951pt too wide) in alignment at lines 252--254
 [] [] 
 []


Overfull \hbox (9.3951pt too wide) in alignment at lines 254--277
 [] [] 
 []


Underfull \vbox (badness 10000) detected at line 277
 []

[34]
Overfull \hbox (0.90338pt too wide) in paragraph at lines 302--304
[][]\T1/aer/m/n/12 indicates that the max-i-mum num-ber of func-tion eval-u-a-t
ions or it-er-a-tions was reached, 
 []

[35] [36]
Overfull \hbox (15.34195pt too wide) in paragraph at lines 426--435
\T1/aett/bx/n/12 u \T1/aer/m/n/12 - the con-trol vari-able(s), both eval-u-ated
 at cor-re-spond-ing fi-nal time $\OML/cmm/m/it/12 t[]$\T1/aer/m/n/12 , scalar/
vector
 []

File: userfunctions/majerobjfun.m  (verbatim)
[37]
File: userfunctions/sumobjfun.m  (verbatim)
File: userfunctions/objfund.m  (verbatim)
File: userfunctions/confun.m  (verbatim)
 [38]
File: userfunctions/confund.m  (verbatim)
 [39]
File: userfunctions/process.m  (verbatim)
File: userfunctions/processd.m  (verbatim)
 [40] [41]
Overfull \hbox (5.05034pt too wide) in paragraph at lines 620--626
[]\T1/aer/m/n/12 takes an op-ti-mal out-put \T1/aett/bx/n/12 optimout \T1/aer/m
/n/12 re-turned by \T1/aer/m/it/12 dynopt\T1/aer/m/n/12 , and other in-put ar-g
u-ments \T1/aett/bx/n/12 optimparam
 []


Overfull \hbox (0.33344pt too wide) in paragraph at lines 620--626
\T1/aer/m/n/12 de-scribed in sec-tion [][][]4.1.1[][][][], and re-turns vec-tor
 \T1/aett/bx/n/12 tp\T1/aer/m/n/12 ,nonlinear in-equal-ity con-straint vec-tor/
matrix
 []

) [42]
\openout2 = `chap05.aux'.

 (./chap05.tex
Chapter 5.
File: examples/problem4/graphs/u_624a.eps Graphic file (type eps)
<examples/problem4/graphs/u_624a.eps>
File: examples/problem4/graphs/x12_624a.eps Graphic file (type eps)
 <examples/problem4/graphs/x12_624a.eps>
Overfull \hbox (2.61609pt too wide) in paragraph at lines 49--61
[][][] [] 
 []

[43



]
File: examples/problem5/graphs/u_524a.eps Graphic file (type eps)
 <examples/problem5/graphs/u_524a.eps>
File: examples/problem5/graphs/x12_524a.eps Graphic file (type eps)

<examples/problem5/graphs/x12_524a.eps>
Overfull \hbox (2.61609pt too wide) in paragraph at lines 107--119
[][][] [] 
 []

[44]
File: examples/problem6/graphs/u_5212a.eps Graphic file (type eps)
 <examples/problem6/graphs/u_5212a.eps>
File: examples/problem6/graphs/x12_5212a.eps Graphic file (type eps)

<examples/problem6/graphs/x12_5212a.eps>
Overfull \hbox (2.61609pt too wide) in paragraph at lines 156--168
[][][] [] 
 []

[45] [46]
File: examples/problem7/graphs/u1_4210.eps Graphic file (type eps)
 <examples/problem7/graphs/u1_4210.eps>
File: examples/problem7/graphs/u2_4210.eps Graphic file (type eps)

<examples/problem7/graphs/u2_4210.eps>
File: examples/problem7/graphs/u3_4210.eps Graphic file (type eps)
 <examples/problem7/graphs/u3_4210.eps>
File: examples/problem7/graphs/u4_4210.eps Graphic file (type eps)

<examples/problem7/graphs/u4_4210.eps>
File: examples/problem7/graphs/x17_4210.eps Graphic file (type eps)
 <examples/problem7/graphs/x17_4210.eps>
Underfull \hbox (badness 10000) in paragraph at lines 219--224
[][][] []
 []


Underfull \hbox (badness 10000) in paragraph at lines 219--224
[] []
 []

[47]
File: examples/problem9/graphs/a-alpha.eps Graphic file (type eps)
 <examples/problem9/graphs/a-alpha.eps>
File: examples/problem9/graphs/a-x12.eps Graphic file (type eps)

<examples/problem9/graphs/a-x12.eps>
File: examples/problem9/graphs/a-x3.eps Graphic file (type eps)
 <examples/problem9/graphs/a-x3.eps>

LaTeX Warning: `!h' float specifier changed to `!ht'.

[48] [49]
File: examples/problem_pr_bior/graphs/u.eps Graphic file (type eps)
 <examples/problem_pr_bior/graphs/u.eps>
File: examples/problem_pr_bior/graphs/x.eps Graphic file (type eps)

<examples/problem_pr_bior/graphs/x.eps>
Overfull \hbox (2.61609pt too wide) in paragraph at lines 345--347
[][][] [] 
 []

) [50] (./dynopt_guide.bbl (./dynopt_guide.brf)
\tf@brf=\write9
\openout9 = `dynopt_guide.brf'.

 [51


]
Underfull \hbox (badness 10000) in paragraph at lines 137--137
[][]\T1/aer/m/n/12 Carl-Johan Thore.  A code for solv-ing non-linear op-
 []


Underfull \hbox (badness 10000) in paragraph at lines 137--137
\T1/aer/m/n/12 ti-miza-tion prob-lems with ma-trix in-equal-ity con-straints.
 []

)
Package atveryend Info: Empty hook `BeforeClearDocument' on input line 47.
 [52]
Package atveryend Info: Empty hook `AfterLastShipout' on input line 47.
 (./dynopt_guide.aux (./title.aux) (./contact.aux) (./chap01.aux)
(./chap02.aux) (./chap03.aux) (./chap04.aux) (./chap05.aux))
Package atveryend Info: Empty hook `AtVeryEndDocument' on input line 47.
Package atveryend Info: Executing hook `AtEndAfterFileList' on input line 47.
Package rerunfilecheck Info: File `dynopt_guide.out' has not changed.
(rerunfilecheck)             Checksum: CC4C351216E17BE65E0076AF889C6AC9;3410.
Package rerunfilecheck Info: File `dynopt_guide.brf' has not changed.
(rerunfilecheck)             Checksum: 8E286E4CC2751745738188080A753559;2210.


LaTeX Font Warning: Some font shapes were not available, defaults substituted.


LaTeX Warning: There were multiply-defined labels.

Package atveryend Info: Empty hook `AtVeryVeryEnd' on input line 47.
 ) 
Here is how much of TeX's memory you used:
 8715 strings out of 492610
 126017 string characters out of 6132844
 246997 words of memory out of 5000000
 12377 multiletter control sequences out of 15000+600000
 51813 words of font info for 70 fonts, out of 8000000 for 9000
 1141 hyphenation exceptions out of 8191
 36i,15n,43p,822b,562s stack positions out of 5000i,500n,10000p,200000b,80000s

Output written on dynopt_guide.dvi (58 pages, 330012 bytes).
