\BOOKMARK [0][-]{chapter.4}{\376\377\0001\000\040\000B\000e\000f\000o\000r\000e\000\040\000Y\000o\000u\000\040\000B\000e\000g\000i\000n}{}% 1
\BOOKMARK [1][-]{section.5}{\376\377\0001\000.\0001\000\040\000W\000h\000a\000t\000\040\000i\000s\000\040\000d\000y\000n\000o\000p\000t}{chapter.4}% 2
\BOOKMARK [1][-]{section.6}{\376\377\0001\000.\0002\000\040\000W\000h\000a\000t\000\040\000i\000s\000\040\000N\000e\000w}{chapter.4}% 3
\BOOKMARK [1][-]{section.10}{\376\377\0001\000.\0003\000\040\000H\000o\000w\000\040\000t\000o\000\040\000U\000s\000e\000\040\000t\000h\000i\000s\000\040\000M\000a\000n\000u\000a\000l}{chapter.4}% 4
\BOOKMARK [1][-]{section.11}{\376\377\0001\000.\0004\000\040\000C\000o\000d\000e\000,\000\040\000D\000o\000c\000u\000m\000e\000n\000t\000a\000t\000i\000o\000n\000,\000\040\000a\000n\000d\000\040\000L\000i\000c\000e\000n\000s\000e}{chapter.4}% 5
\BOOKMARK [1][-]{section.12}{\376\377\0001\000.\0005\000\040\000I\000n\000s\000t\000a\000l\000l\000a\000t\000i\000o\000n}{chapter.4}% 6
\BOOKMARK [2][-]{subsection.13}{\376\377\0001\000.\0005\000.\0001\000\040\000M\000a\000n\000u\000a\000l\000\040\000I\000n\000s\000t\000a\000l\000l\000a\000t\000i\000o\000n}{section.12}% 7
\BOOKMARK [2][-]{subsection.14}{\376\377\0001\000.\0005\000.\0002\000\040\000I\000n\000s\000t\000a\000l\000l\000a\000t\000i\000o\000n\000\040\000u\000s\000i\000n\000g\000\040\000t\000b\000x\000m\000a\000n\000a\000g\000e\000r}{section.12}% 8
\BOOKMARK [2][-]{subsection.15}{\376\377\0001\000.\0005\000.\0003\000\040\000O\000p\000t\000i\000m\000i\000s\000a\000t\000i\000o\000n\000\040\000T\000o\000o\000l\000b\000o\000x}{section.12}% 9
\BOOKMARK [0][-]{chapter.16}{\376\377\0002\000\040\000D\000y\000n\000a\000m\000i\000c\000\040\000O\000p\000t\000i\000m\000i\000s\000a\000t\000i\000o\000n}{}% 10
\BOOKMARK [1][-]{section.17}{\376\377\0002\000.\0001\000\040\000O\000p\000t\000i\000m\000i\000s\000a\000t\000i\000o\000n\000\040\000P\000r\000o\000b\000l\000e\000m\000\040\000S\000t\000a\000t\000e\000m\000e\000n\000t}{chapter.16}% 11
\BOOKMARK [2][-]{subsection.18}{\376\377\0002\000.\0001\000.\0001\000\040\000C\000o\000s\000t\000\040\000F\000u\000n\000c\000t\000i\000o\000n\000a\000l}{section.17}% 12
\BOOKMARK [2][-]{subsection.25}{\376\377\0002\000.\0001\000.\0002\000\040\000P\000r\000o\000c\000e\000s\000s\000\040\000M\000o\000d\000e\000l\000\040\000E\000q\000u\000a\000t\000i\000o\000n\000s}{section.17}% 13
\BOOKMARK [2][-]{subsection.27}{\376\377\0002\000.\0001\000.\0003\000\040\000C\000o\000n\000s\000t\000r\000a\000i\000n\000t\000s}{section.17}% 14
\BOOKMARK [1][-]{section.29}{\376\377\0002\000.\0002\000\040\000O\000p\000t\000i\000m\000a\000l\000\040\000C\000o\000n\000t\000r\000o\000l\000\040\000P\000r\000o\000b\000l\000e\000m\000\040\000S\000o\000l\000u\000t\000i\000o\000n\000s}{chapter.16}% 15
\BOOKMARK [1][-]{section.30}{\376\377\0002\000.\0003\000\040\000N\000L\000P\000\040\000F\000o\000r\000m\000u\000l\000a\000t\000i\000o\000n\000\040\000P\000r\000o\000b\000l\000e\000m}{chapter.16}% 16
\BOOKMARK [0][-]{chapter.52}{\376\377\0003\000\040\000T\000u\000t\000o\000r\000i\000a\000l}{}% 17
\BOOKMARK [1][-]{section.53}{\376\377\0003\000.\0001\000\040\000O\000D\000E\000\040\000s\000y\000s\000t\000e\000m\000s}{chapter.52}% 18
\BOOKMARK [2][-]{subsection.54}{\376\377\0003\000.\0001\000.\0001\000\040\000U\000n\000c\000o\000n\000s\000t\000r\000a\000i\000n\000e\000d\000\040\000P\000r\000o\000b\000l\000e\000m}{section.53}% 19
\BOOKMARK [2][-]{subsection.66}{\376\377\0003\000.\0001\000.\0002\000\040\000C\000o\000n\000s\000t\000r\000a\000i\000n\000e\000d\000\040\000P\000r\000o\000b\000l\000e\000m\000\040\000w\000i\000t\000h\000\040\000G\000r\000a\000d\000i\000e\000n\000t\000s}{section.53}% 20
\BOOKMARK [2][-]{subsection.83}{\376\377\0003\000.\0001\000.\0003\000\040\000U\000n\000c\000o\000n\000s\000t\000r\000a\000i\000n\000e\000d\000\040\000P\000r\000o\000b\000l\000e\000m\000\040\000w\000i\000t\000h\000\040\000B\000o\000u\000n\000d\000s}{section.53}% 21
\BOOKMARK [2][-]{subsection.102}{\376\377\0003\000.\0001\000.\0004\000\040\000I\000n\000e\000q\000u\000a\000l\000i\000t\000y\000\040\000S\000t\000a\000t\000e\000\040\000P\000a\000t\000h\000\040\000C\000o\000n\000s\000t\000r\000a\000i\000n\000t\000\040\000P\000r\000o\000b\000l\000e\000m}{section.53}% 22
\BOOKMARK [2][-]{subsection.118}{\376\377\0003\000.\0001\000.\0005\000\040\000P\000a\000r\000a\000m\000e\000t\000e\000r\000\040\000E\000s\000t\000i\000m\000a\000t\000i\000o\000n\000\040\000P\000r\000o\000b\000l\000e\000m}{section.53}% 23
\BOOKMARK [2][-]{subsection.128}{\376\377\0003\000.\0001\000.\0006\000\040\000M\000i\000n\000i\000m\000u\000m\000\040\000T\000i\000m\000e\000\040\000P\000r\000o\000b\000l\000e\000m}{section.53}% 24
\BOOKMARK [1][-]{section.139}{\376\377\0003\000.\0002\000\040\000D\000A\000E\000\040\000s\000y\000s\000t\000e\000m\000s}{chapter.52}% 25
\BOOKMARK [2][-]{subsection.140}{\376\377\0003\000.\0002\000.\0001\000\040\000B\000a\000t\000c\000h\000\040\000R\000e\000a\000c\000t\000o\000r\000\040\000P\000r\000o\000b\000l\000e\000m}{section.139}% 26
\BOOKMARK [1][-]{section.156}{\376\377\0003\000.\0003\000\040\000M\000a\000x\000i\000m\000i\000s\000a\000t\000i\000o\000n}{chapter.52}% 27
\BOOKMARK [1][-]{section.157}{\376\377\0003\000.\0004\000\040\000G\000r\000e\000a\000t\000e\000r\000\040\000t\000h\000a\000n\000\040\000Z\000e\000r\000o\000\040\000C\000o\000n\000s\000t\000r\000a\000i\000n\000t\000s}{chapter.52}% 28
\BOOKMARK [0][-]{chapter.158}{\376\377\0004\000\040\000R\000e\000f\000e\000r\000e\000n\000c\000e}{}% 29
\BOOKMARK [1][-]{section.159}{\376\377\0004\000.\0001\000\040\000F\000u\000n\000c\000t\000i\000o\000n\000\040\000A\000r\000g\000u\000m\000e\000n\000t\000s}{chapter.158}% 30
\BOOKMARK [2][-]{subsection.161}{\376\377\0004\000.\0001\000.\0001\000\040\000I\000n\000p\000u\000t\000\040\000A\000r\000g\000u\000m\000e\000n\000t\000s}{section.159}% 31
\BOOKMARK [2][-]{subsection.171}{\376\377\0004\000.\0001\000.\0002\000\040\000O\000u\000t\000p\000u\000t\000\040\000A\000r\000g\000u\000m\000e\000n\000t\000s}{section.159}% 32
\BOOKMARK [1][-]{section.172}{\376\377\0004\000.\0002\000\040\000F\000u\000n\000c\000t\000i\000o\000n\000\040\000D\000e\000s\000c\000r\000i\000p\000t\000i\000o\000n}{chapter.158}% 33
\BOOKMARK [2][-]{subsection.173}{\376\377\0004\000.\0002\000.\0001\000\040\000P\000u\000r\000p\000o\000s\000e}{section.172}% 34
\BOOKMARK [2][-]{subsection.176}{\376\377\0004\000.\0002\000.\0002\000\040\000S\000y\000n\000t\000a\000x\000\040\000a\000n\000d\000\040\000D\000e\000s\000c\000r\000i\000p\000t\000i\000o\000n}{section.172}% 35
\BOOKMARK [2][-]{subsection.177}{\376\377\0004\000.\0002\000.\0003\000\040\000A\000r\000g\000u\000m\000e\000n\000t\000s}{section.172}% 36
\BOOKMARK [2][-]{subsection.178}{\376\377\0004\000.\0002\000.\0004\000\040\000A\000l\000g\000o\000r\000i\000t\000h\000m}{section.172}% 37
\BOOKMARK [1][-]{section.179}{\376\377\0004\000.\0003\000\040\000A\000d\000d\000i\000t\000i\000o\000n\000a\000l\000\040\000F\000u\000n\000c\000t\000i\000o\000n\000s}{chapter.158}% 38
\BOOKMARK [2][-]{subsection.180}{\376\377\0004\000.\0003\000.\0001\000\040\000F\000u\000n\000c\000t\000i\000o\000n\000\040\000p\000r\000o\000f\000i\000l\000e\000s}{section.179}% 39
\BOOKMARK [2][-]{subsection.181}{\376\377\0004\000.\0003\000.\0002\000\040\000F\000u\000n\000c\000t\000i\000o\000n\000\040\000c\000o\000n\000s\000t\000r\000a\000i\000n\000t\000s}{section.179}% 40
\BOOKMARK [0][-]{chapter.182}{\376\377\0005\000\040\000E\000x\000a\000m\000p\000l\000e\000s}{}% 41
\BOOKMARK [1][-]{section.183}{\376\377\0005\000.\0001\000\040\000T\000u\000b\000u\000l\000a\000r\000\040\000R\000e\000a\000c\000t\000o\000r}{chapter.182}% 42
\BOOKMARK [1][-]{section.187}{\376\377\0005\000.\0002\000\040\000B\000a\000t\000c\000h\000\040\000R\000e\000a\000c\000t\000o\000r}{chapter.182}% 43
\BOOKMARK [1][-]{section.191}{\376\377\0005\000.\0003\000\040\000C\000a\000t\000a\000l\000y\000t\000i\000c\000\040\000P\000l\000u\000g\000\040\000F\000l\000o\000w\000\040\000R\000e\000a\000c\000t\000o\000r}{chapter.182}% 44
\BOOKMARK [1][-]{section.195}{\376\377\0005\000.\0004\000\040\000P\000r\000o\000b\000l\000e\000m\000\040\0007}{chapter.182}% 45
\BOOKMARK [1][-]{section.199}{\376\377\0005\000.\0005\000\040\000M\000e\000m\000b\000r\000a\000n\000e\000\040\000S\000y\000s\000t\000e\000m}{chapter.182}% 46
\BOOKMARK [1][-]{section.212}{\376\377\0005\000.\0006\000\040\000B\000a\000t\000c\000h\000\040\000F\000e\000r\000m\000e\000n\000t\000o\000r}{chapter.182}% 47
\BOOKMARK [0][-]{chapter*.226}{\376\377\000B\000i\000b\000l\000i\000o\000g\000r\000a\000p\000h\000y}{}% 48
